<?xml version="1.0" encoding="UTF-8"?>
<!-- Generated by org.testng.reporters.JUnitXMLReporter -->
<testsuite ignored="0" hostname="LAPTOP-5NDVJMEG" failures="1" tests="1" name="Login And Add to Cart" time="50.924" errors="0" timestamp="2024-12-09T04:44:31 CET">
  <testcase classname="tests.LoginAndAddToCart" name="loginAndAddToCart" time="40.128">
    <failure type="org.openqa.selenium.NoSuchElementException" message="An element could not be located on the page using the given search parameters.
For documentation on this error, please visit: https://www.selenium.dev/documentation/webdriver/troubleshooting/errors#no-such-element-exception
Build info: version: &amp;apos;4.27.0&amp;apos;, revision: &amp;apos;d6e718d134&amp;apos;
System info: os.name: &amp;apos;Windows 11&amp;apos;, os.arch: &amp;apos;amd64&amp;apos;, os.version: &amp;apos;10.0&amp;apos;, java.version: &amp;apos;11.0.25&amp;apos;
Driver info: io.appium.java_client.android.AndroidDriver
Command: [ac5cbdd8-ed69-4c4a-b9ac-b12429f96ab1, findElement {value=//android.widget.TextView[@text=&amp;apos;Please select the country where you would like to receive your orders&amp;apos;], using=xpath}]
Capabilities {appium:appActivity: com.shopapotheke.activities..., appium:appPackage: shop.shop_apotheke.com.shop..., appium:automationName: UiAutomator2, appium:databaseEnabled: false, appium:desired: {appActivity: com.shopapotheke.activities..., appPackage: shop.shop_apotheke.com.shop..., automationName: UiAutomator2, newCommandTimeout: 60, platformName: ANDROID, platformVersion: 14, udid: emulator-5554}, appium:deviceApiLevel: 34, appium:deviceManufacturer: Google, appium:deviceModel: sdk_gphone64_x86_64, appium:deviceName: emulator-5554, appium:deviceScreenDensity: 420, appium:deviceScreenSize: 1080x2400, appium:deviceUDID: emulator-5554, appium:javascriptEnabled: true, appium:locationContextEnabled: false, appium:networkConnectionEnabled: true, appium:newCommandTimeout: 60, appium:pixelRatio: 2.625, appium:platformVersion: 14, appium:statBarHeight: 63, appium:takesScreenshot: true, appium:udid: emulator-5554, appium:viewportRect: {height: 2337, left: 0, top: 63, width: 1080}, appium:warnings: {}, appium:webStorageEnabled: false, platformName: ANDROID}
Session ID: ac5cbdd8-ed69-4c4a-b9ac-b12429f96ab1">
      <![CDATA[org.openqa.selenium.NoSuchElementException: An element could not be located on the page using the given search parameters.
For documentation on this error, please visit: https://www.selenium.dev/documentation/webdriver/troubleshooting/errors#no-such-element-exception
Build info: version: '4.27.0', revision: 'd6e718d134'
System info: os.name: 'Windows 11', os.arch: 'amd64', os.version: '10.0', java.version: '11.0.25'
Driver info: io.appium.java_client.android.AndroidDriver
Command: [ac5cbdd8-ed69-4c4a-b9ac-b12429f96ab1, findElement {value=//android.widget.TextView[@text='Please select the country where you would like to receive your orders'], using=xpath}]
Capabilities {appium:appActivity: com.shopapotheke.activities..., appium:appPackage: shop.shop_apotheke.com.shop..., appium:automationName: UiAutomator2, appium:databaseEnabled: false, appium:desired: {appActivity: com.shopapotheke.activities..., appPackage: shop.shop_apotheke.com.shop..., automationName: UiAutomator2, newCommandTimeout: 60, platformName: ANDROID, platformVersion: 14, udid: emulator-5554}, appium:deviceApiLevel: 34, appium:deviceManufacturer: Google, appium:deviceModel: sdk_gphone64_x86_64, appium:deviceName: emulator-5554, appium:deviceScreenDensity: 420, appium:deviceScreenSize: 1080x2400, appium:deviceUDID: emulator-5554, appium:javascriptEnabled: true, appium:locationContextEnabled: false, appium:networkConnectionEnabled: true, appium:newCommandTimeout: 60, appium:pixelRatio: 2.625, appium:platformVersion: 14, appium:statBarHeight: 63, appium:takesScreenshot: true, appium:udid: emulator-5554, appium:viewportRect: {height: 2337, left: 0, top: 63, width: 1080}, appium:warnings: {}, appium:webStorageEnabled: false, platformName: ANDROID}
Session ID: ac5cbdd8-ed69-4c4a-b9ac-b12429f96ab1
at org.openqa.selenium.remote.ErrorCodec.decode(ErrorCodec.java:167)
at org.openqa.selenium.remote.codec.w3c.W3CHttpResponseCodec.decode(W3CHttpResponseCodec.java:138)
at org.openqa.selenium.remote.codec.w3c.W3CHttpResponseCodec.decode(W3CHttpResponseCodec.java:50)
at org.openqa.selenium.remote.HttpCommandExecutor.execute(HttpCommandExecutor.java:190)
at io.appium.java_client.remote.AppiumCommandExecutor.execute(AppiumCommandExecutor.java:237)
at org.openqa.selenium.remote.RemoteWebDriver.execute(RemoteWebDriver.java:545)
at org.openqa.selenium.remote.ElementLocation$ElementFinder$2.findElement(ElementLocation.java:165)
at org.openqa.selenium.remote.ElementLocation.findElement(ElementLocation.java:59)
at org.openqa.selenium.remote.RemoteWebDriver.findElement(RemoteWebDriver.java:368)
at org.openqa.selenium.remote.RemoteWebDriver.findElement(RemoteWebDriver.java:362)
at pages.BaseClass.getElementText(BaseClass.java:71)
at pages.PreLogin.getChooseCountryText(PreLogin.java:23)
at tests.LoginAndAddToCart.preLogin(LoginAndAddToCart.java:21)
at tests.LoginAndAddToCart.loginAndAddToCart(LoginAndAddToCart.java:47)
at java.base/java.util.ArrayList.forEach(ArrayList.java:1541)
... Removed 35 stack frames]]>
    </failure>
  </testcase> <!-- loginAndAddToCart -->
</testsuite> <!-- Login And Add to Cart -->
